<!DOCTYPE html PUBLIC "-//W3C//DTD XHTML 1.1//EN" "http://www.w3.org/TR/xhtml11/DTD/xhtml11.dtd">
<html xmlns="http://www.w3.org/1999/xhtml"><head><title>TestNG Report</title><style type="text/css">table {margin-bottom:10px;border-collapse:collapse;empty-cells:show}th,td {border:1px solid #009;padding:.25em .5em}th {vertical-align:bottom}td {vertical-align:top}table a {font-weight:bold}.stripe td {background-color: #E6EBF9}.num {text-align:right}.passedodd td {background-color: #3F3}.passedeven td {background-color: #0A0}.skippedodd td {background-color: #DDD}.skippedeven td {background-color: #CCC}.failedodd td,.attn {background-color: #F33}.failedeven td,.stripe .attn {background-color: #D00}.stacktrace {white-space:pre;font-family:monospace}.totop {font-size:85%;text-align:center;border-bottom:2px solid #000}</style></head><body><table><tr><th>Test</th><th># Passed</th><th># Skipped</th><th># Failed</th><th>Time (ms)</th><th>Included Groups</th><th>Excluded Groups</th></tr><tr><th colspan="7">BasicCreateApplication</th></tr><tr><td><a href="#t0">TC_Portal_005: To verify Online user submits a basic application without conditions which triggers &apos;Await Payment Confirmation&apos; task.</a></td><td class="num">0</td><td class="num">0</td><td class="num attn">1</td><td class="num">353,908</td><td></td><td></td></tr><tr class="stripe"><td><a href="#t1">TC_CRM_011: To verify OWLS internal user to complete &apos;Awaiting Payment Confirmation&apos; task and to verify the Permit document is available for the online portal user to download.</a></td><td class="num">0</td><td class="num attn">1</td><td class="num">0</td><td class="num">6,350</td><td></td><td></td></tr><tr><td><a href="#t2">Test: Run Cleanup</a></td><td class="num">0</td><td class="num attn">1</td><td class="num">0</td><td class="num">6,397</td><td></td><td></td></tr><tr><th>Total</th><th class="num">0</th><th class="num attn">2</th><th class="num attn">1</th><th class="num">366,655</th><th colspan="2"></th></tr></table><table><thead><tr><th>Class</th><th>Method</th><th>Start</th><th>Time (ms)</th></tr></thead><tbody><tr><th colspan="4">BasicCreateApplication</th></tr></tbody><tbody id="t0"><tr><th colspan="4">TC_Portal_005: To verify Online user submits a basic application without conditions which triggers &apos;Await Payment Confirmation&apos; task. &#8212; failed</th></tr><tr class="failedeven"><td rowspan="1">com.owls.CreateApp.index.CreateApplicationIndex</td><td><a href="#m0">createApplicationWithoutError</a></td><td rowspan="1">1510717519256</td><td rowspan="1">174933</td></tr></tbody><tbody id="t1"><tr><th colspan="4">TC_CRM_011: To verify OWLS internal user to complete &apos;Awaiting Payment Confirmation&apos; task and to verify the Permit document is available for the online portal user to download. &#8212; skipped</th></tr><tr class="skippedeven"><td rowspan="1">com.owls.crm.index.CRMIndex</td><td><a href="#m1">completeAwaitingPaymentConfirmationTask</a></td><td rowspan="1">1510717862940</td><td rowspan="1">1</td></tr></tbody><tbody id="t2"><tr><th colspan="4">Test: Run Cleanup &#8212; failed (configuration methods)</th></tr><tr class="failedeven"><td rowspan="1">com.owls.crm.index.CRMIndex</td><td><a href="#m2">setUp</a></td><td rowspan="1">1510717864395</td><td rowspan="1">0</td></tr><tr><th colspan="4">Test: Run Cleanup &#8212; skipped</th></tr><tr class="skippedeven"><td rowspan="1">com.owls.crm.index.CRMIndex</td><td><a href="#m3">runCleanUp</a></td><td rowspan="1">1510717869498</td><td rowspan="1">1</td></tr></tbody></table><h2>TC_Portal_005: To verify Online user submits a basic application without conditions which triggers &apos;Await Payment Confirmation&apos; task.</h2><h3 id="m0">com.owls.CreateApp.index.CreateApplicationIndex#createApplicationWithoutError</h3><table class="result"><tr><th>Messages</th></tr><tr><td><div class="messages">&lt;strong&gt; &lt;h3 style=&quot;color:DarkViolet&quot;&gt; &lt;/h3&gt; &lt;/strong&gt;<br/>&lt;br&gt;&lt;strong&gt;Step 1 : Open url:&lt;a&gt;https://owls-portal-qa.genixventures.com/user/login&lt;/a&gt;&lt;/strong&gt;&lt;/br&gt;<br/>&lt;br&gt;&lt;strong&gt;Step 2 Enter Username.&lt;/strong&gt;&lt;/br&gt;<br/>&lt;/br&gt;&amp;nbsp;&amp;nbsp;&amp;nbsp;&amp;nbsp; Portal UserName: chirag.kiwiqa&lt;/br&gt;<br/>&lt;br&gt;&lt;strong&gt;Step 3 Enter Password.&lt;/strong&gt;&lt;/br&gt;<br/>&lt;/br&gt;&amp;nbsp;&amp;nbsp;&amp;nbsp;&amp;nbsp; Password: chirag!&lt;/br&gt;<br/>&lt;br&gt;&lt;strong&gt;Step 4 Click on Login icon.&lt;/strong&gt;&lt;/br&gt;<br/>&lt;br&gt;&lt;strong&gt;Step 5 Click on Personal Menu.&lt;/strong&gt;&lt;/br&gt;<br/>&lt;br&gt;&lt;strong&gt;Step 6 Click on Details Menu.&lt;/strong&gt;&lt;/br&gt;<br/>&lt;br&gt;&lt;strong&gt;Step 7 Click on Contact Details Option.&lt;/strong&gt;&lt;/br&gt;<br/>&lt;br&gt;&lt;strong&gt;Step 8 Click on Application Menu.&lt;/strong&gt;&lt;/br&gt;<br/>&lt;br&gt;&lt;strong&gt;Step 9 Click on Create Application button.&lt;/strong&gt;&lt;/br&gt;<br/>&lt;br&gt;&lt;strong&gt;Step 10 Select Application type from Drop down.&lt;/strong&gt;&lt;/br&gt;<br/>&lt;br&gt;&lt;strong&gt;Step 11 Click on Next button&lt;/strong&gt;&lt;/br&gt;<br/>&lt;h3&gt;&lt;b style=&apos;color:#E27A12&apos;&gt;&amp;nbsp;&amp;nbsp;&amp;nbsp;Verify Operating Address retrived correctly from User&apos;s Contact Details-&gt;Primary Address.&lt;/h3&gt;&lt;/b&gt;<br/>&lt;strong&gt; &lt;h3 style=&quot;color:DarkGreen&quot;&gt;  &amp;#10004; &lt;i&gt;  SUCCESSFUL &lt;/i&gt;&lt;/h3&gt; &lt;/strong&gt; <br/>&lt;br&gt;&lt;strong&gt;12 Select &apos;Same as above&apos; checkbox&apos;.&lt;/strong&gt;&lt;/br&gt;<br/>&lt;h3&gt;&lt;b style=&apos;color:#E27A12&apos;&gt;&amp;nbsp;&amp;nbsp;&amp;nbsp;Verify Postal Address pasted correctly as same as Specified Premises.&lt;/h3&gt;&lt;/b&gt;<br/>&lt;strong&gt; &lt;h3 style=&quot;color:DarkGreen&quot;&gt;  &amp;#10004; &lt;i&gt;  SUCCESSFUL &lt;/i&gt;&lt;/h3&gt; &lt;/strong&gt; <br/>&lt;br&gt;&lt;strong&gt;Step 13 Choose Prefered Licence Expiry.&lt;/strong&gt;&lt;/br&gt;<br/>&lt;/br&gt;&amp;nbsp;&amp;nbsp;&amp;nbsp;&amp;nbsp;Click on &apos;No Conviction&apos; Option&lt;/br&gt;<br/>&lt;/br&gt;&amp;nbsp;&amp;nbsp;&amp;nbsp;&amp;nbsp; Select &apos;No wildlife possession&apos;..!&lt;/br&gt;<br/>&lt;/br&gt;&amp;nbsp;&amp;nbsp;&amp;nbsp;&amp;nbsp;Click on &apos;No Conviction&apos; Option&lt;/br&gt;<br/>&lt;br&gt;&lt;strong&gt;Step 14 Choose I Agree from Declaration By Applicant Options.&lt;/strong&gt;&lt;/br&gt;<br/>&lt;br&gt;&lt;strong&gt;Step 15 Click on submit.&lt;/strong&gt;&lt;/br&gt;<br/>&lt;br&gt;&lt;strong&gt;Step 16 Navigate to My Application page.&lt;/strong&gt;&lt;/br&gt;<br/>&lt;h3&gt;&lt;b style=&apos;color:#1466B8&apos;&gt;&amp;nbsp;&amp;nbsp;&amp;nbsp;Verify Application created without any error condition in &apos;Payment Pending&apos; status.&lt;/h3&gt;&lt;/b&gt;<br/>&lt;strong&gt; &lt;h3 style=&quot;color:DarkGreen&quot;&gt;  &amp;#10004; &lt;i&gt;  SUCCESSFUL &lt;/i&gt;&lt;/h3&gt; &lt;/strong&gt; <br/>&lt;h3&gt;&lt;b style=&apos;color:#1466B8&apos;&gt;&amp;nbsp;&amp;nbsp;&amp;nbsp;Verify that &apos;Payment Notice&apos; and &apos;Pay Fee&apos; Links are available for Payment Pending Application.&lt;/h3&gt;&lt;/b&gt;<br/>&lt;strong&gt; &lt;h3 style=&quot;color:DarkGreen&quot;&gt;  &amp;#10004; &lt;i&gt;  SUCCESSFUL &lt;/i&gt;&lt;/h3&gt; &lt;/strong&gt; <br/>&lt;br&gt;&lt;strong&gt;17 Click on Payment Notice link to download Payment Notice PDF.&lt;/strong&gt;&lt;/br&gt;<br/>&lt;h3&gt;&lt;b style=&apos;color:#1466B8&apos;&gt;&amp;nbsp;&amp;nbsp;&amp;nbsp;Verify that User&apos;s Postal address is available in Payment Notice PDF.&lt;/h3&gt;&lt;/b&gt;<br/>&lt;strong&gt; &lt;h3 style=&quot;color:DarkRed&quot;&gt; &amp;#10008; &lt;i&gt; UNSUCCESSFUL &lt;/i&gt;&lt;/h3&gt; &lt;/strong&gt;<br/>&lt;/br&gt;&amp;nbsp;&amp;nbsp;&amp;nbsp;&amp;nbsp;&lt;hr size=&apos;15px&apos; noshade color=&apos;red&apos;&gt;&lt;/br&gt;<br/>&lt;br&gt; &lt;b&gt;Please look to the screenshot - &lt;/b&gt;<br/>&lt;/br&gt;&amp;nbsp;&amp;nbsp;&amp;nbsp;&amp;nbsp;&lt;br&gt;&lt;Strong&gt;&lt;font color=#FF0000&gt;--Failed&lt;/font&gt;&lt;/strong&gt;&lt;/br&gt;<br/>&lt;/br&gt;&amp;nbsp;&amp;nbsp;&amp;nbsp;&amp;nbsp;&lt;a href=&apos;../test-output/screenshots/1115144814191createApplicationWithoutError.png&apos; target=&apos;_new&apos;&gt;1115144814191createApplicationWithoutError.png&lt;/a&gt;&lt;/br&gt;<br/>&lt;br&gt;&lt;/br&gt;&lt;h3&gt;Failure Reason:&lt;/h3&gt;<br/>&lt;br&gt;&lt;/br&gt;java.lang.AssertionError: expected [true] but found [false]</div></td></tr><tr><th>Exception</th></tr><tr><td><div class="stacktrace">java.lang.AssertionError: expected [true] but found [false]
	at org.testng.Assert.fail(Assert.java:94)
	at org.testng.Assert.failNotEquals(Assert.java:494)
	at org.testng.Assert.assertTrue(Assert.java:42)
	at org.testng.Assert.assertTrue(Assert.java:52)
	at com.owls.CreateApp.index.CreateApplicationIndex.createApplicationWithoutError(CreateApplicationIndex.java:826)
	at sun.reflect.NativeMethodAccessorImpl.invoke0(Native Method)
	at sun.reflect.NativeMethodAccessorImpl.invoke(Unknown Source)
	at sun.reflect.DelegatingMethodAccessorImpl.invoke(Unknown Source)
	at java.lang.reflect.Method.invoke(Unknown Source)
	at org.testng.internal.MethodInvocationHelper.invokeMethod(MethodInvocationHelper.java:84)
	at org.testng.internal.Invoker.invokeMethod(Invoker.java:714)
	at org.testng.internal.Invoker.invokeTestMethod(Invoker.java:901)
	at org.testng.internal.Invoker.invokeTestMethods(Invoker.java:1231)
	at org.testng.internal.TestMethodWorker.invokeTestMethods(TestMethodWorker.java:127)
	at org.testng.internal.TestMethodWorker.run(TestMethodWorker.java:111)
	at org.testng.TestRunner.privateRun(TestRunner.java:767)
	at org.testng.TestRunner.run(TestRunner.java:617)
	at org.testng.SuiteRunner.runTest(SuiteRunner.java:348)
	at org.testng.SuiteRunner.access$000(SuiteRunner.java:38)
	at org.testng.SuiteRunner$SuiteWorker.run(SuiteRunner.java:382)
	at org.testng.internal.thread.ThreadUtil$2.call(ThreadUtil.java:64)
	at java.util.concurrent.FutureTask.run(Unknown Source)
	at java.util.concurrent.ThreadPoolExecutor.runWorker(Unknown Source)
	at java.util.concurrent.ThreadPoolExecutor$Worker.run(Unknown Source)
	at java.lang.Thread.run(Unknown Source)
</div></td></tr></table><p class="totop"><a href="#summary">back to summary</a></p><h2>TC_CRM_011: To verify OWLS internal user to complete &apos;Awaiting Payment Confirmation&apos; task and to verify the Permit document is available for the online portal user to download.</h2><h3 id="m1">com.owls.crm.index.CRMIndex#completeAwaitingPaymentConfirmationTask</h3><table class="result"><tr><th>Messages</th></tr><tr><td><div class="messages">&lt;br&gt; &lt;b&gt;Please look to the screenshot - &lt;/b&gt;<br/>&lt;/br&gt;&amp;nbsp;&amp;nbsp;&amp;nbsp;&amp;nbsp;&lt;br&gt;&lt;Strong&gt;&lt;font color=#FF0000&gt;--Failed&lt;/font&gt;&lt;/strong&gt;&lt;/br&gt;<br/>&lt;/br&gt;&amp;nbsp;&amp;nbsp;&amp;nbsp;&amp;nbsp;&lt;a href=&apos;../test-output/screenshots/1115145102942completeAwaitingPaymentConfirmationTask.png&apos; target=&apos;_new&apos;&gt;1115145102942completeAwaitingPaymentConfirmationTask.png&lt;/a&gt;&lt;/br&gt;</div></td></tr><tr><th>Exception</th></tr><tr><td><div class="stacktrace">org.testng.SkipException: Skipping Test case as &apos;Payment Notice&apos; and &apos;Pay Fee&apos; options are not available or Payment Notice has not yet been generated.
	at com.owls.crm.index.CRMIndex.completeAwaitingPaymentConfirmationTask(CRMIndex.java:446)
	at sun.reflect.NativeMethodAccessorImpl.invoke0(Native Method)
	at sun.reflect.NativeMethodAccessorImpl.invoke(Unknown Source)
	at sun.reflect.DelegatingMethodAccessorImpl.invoke(Unknown Source)
	at java.lang.reflect.Method.invoke(Unknown Source)
	at org.testng.internal.MethodInvocationHelper.invokeMethod(MethodInvocationHelper.java:84)
	at org.testng.internal.Invoker.invokeMethod(Invoker.java:714)
	at org.testng.internal.Invoker.invokeTestMethod(Invoker.java:901)
	at org.testng.internal.Invoker.invokeTestMethods(Invoker.java:1231)
	at org.testng.internal.TestMethodWorker.invokeTestMethods(TestMethodWorker.java:127)
	at org.testng.internal.TestMethodWorker.run(TestMethodWorker.java:111)
	at org.testng.TestRunner.privateRun(TestRunner.java:767)
	at org.testng.TestRunner.run(TestRunner.java:617)
	at org.testng.SuiteRunner.runTest(SuiteRunner.java:348)
	at org.testng.SuiteRunner.access$000(SuiteRunner.java:38)
	at org.testng.SuiteRunner$SuiteWorker.run(SuiteRunner.java:382)
	at org.testng.internal.thread.ThreadUtil$2.call(ThreadUtil.java:64)
	at java.util.concurrent.FutureTask.run(Unknown Source)
	at java.util.concurrent.ThreadPoolExecutor.runWorker(Unknown Source)
	at java.util.concurrent.ThreadPoolExecutor$Worker.run(Unknown Source)
	at java.lang.Thread.run(Unknown Source)
</div></td></tr></table><p class="totop"><a href="#summary">back to summary</a></p><h2>Test: Run Cleanup</h2><h3 id="m2">com.owls.crm.index.CRMIndex#setUp</h3><table class="result"><tr class="param"><th>Parameter #1</th><th>Parameter #2</th></tr><tr class="param stripe"><td>public void com.owls.crm.index.CRMIndex.runCleanUp()</td><td>org.testng.TestRunner@46cfa318</td></tr><tr><th colspan="2">Exception</th></tr><tr><td colspan="2"><div class="stacktrace">org.openqa.selenium.WebDriverException: unknown error: failed to change window state to maximized, current state is normal
  (Session info: chrome=61.0.3163.100)
  (Driver info: chromedriver=2.33.506120 (e3e53437346286c0bc2d2dc9aa4915ba81d9023f),platform=Windows NT 6.1.7601 SP1 x86_64) (WARNING: The server did not provide any stacktrace information)
Command duration or timeout: 1.12 seconds
Build info: version: &apos;2.53.1&apos;, revision: &apos;a36b8b1&apos;, time: &apos;2016-06-30 17:37:03&apos;
System info: host: &apos;msetty-laptop-01&apos;, ip: &apos;192.168.1.94&apos;, os.name: &apos;Windows 7&apos;, os.arch: &apos;amd64&apos;, os.version: &apos;6.1&apos;, java.version: &apos;1.8.0_131&apos;
Driver info: org.openqa.selenium.chrome.ChromeDriver
Capabilities [{applicationCacheEnabled=false, rotatable=false, mobileEmulationEnabled=false, networkConnectionEnabled=false, chrome={chromedriverVersion=2.33.506120 (e3e53437346286c0bc2d2dc9aa4915ba81d9023f), userDataDir=C:\Users\Madhu\AppData\Local\Temp\scoped_dir6592_1133}, takesHeapSnapshot=true, pageLoadStrategy=normal, databaseEnabled=false, handlesAlerts=true, hasTouchScreen=false, version=61.0.3163.100, platform=XP, browserConnectionEnabled=false, nativeEvents=true, acceptSslCerts=true, locationContextEnabled=true, webStorageEnabled=true, browserName=chrome, takesScreenshot=true, javascriptEnabled=true, cssSelectorsEnabled=true, setWindowRect=true, unexpectedAlertBehaviour=}]
Session ID: 91e10610cb0c3b1d35886fb21188ea72
Command duration or timeout: 1.13 seconds
Build info: version: &apos;2.53.1&apos;, revision: &apos;a36b8b1cd5757287168e54b817830adce9b0158d&apos;, time: &apos;2016-06-30 19:26:09&apos;
System info: host: &apos;msetty-laptop-01&apos;, ip: &apos;192.168.1.94&apos;, os.name: &apos;Windows 7&apos;, os.arch: &apos;amd64&apos;, os.version: &apos;6.1&apos;, java.version: &apos;1.8.0_131&apos;
Driver info: org.openqa.selenium.remote.RemoteWebDriver
Capabilities [{applicationCacheEnabled=false, rotatable=false, mobileEmulationEnabled=false, networkConnectionEnabled=false, chrome={chromedriverVersion=2.33.506120 (e3e53437346286c0bc2d2dc9aa4915ba81d9023f), userDataDir=C:\Users\Madhu\AppData\Local\Temp\scoped_dir6592_1133}, takesHeapSnapshot=true, pageLoadStrategy=normal, databaseEnabled=false, handlesAlerts=true, hasTouchScreen=false, version=61.0.3163.100, platform=XP, browserConnectionEnabled=false, nativeEvents=true, acceptSslCerts=true, webdriver.remote.sessionid=32211570-d283-44ad-b361-3af8bc330107, locationContextEnabled=true, webStorageEnabled=true, browserName=chrome, takesScreenshot=true, javascriptEnabled=true, cssSelectorsEnabled=true, setWindowRect=true, unexpectedAlertBehaviour=}]
Session ID: 32211570-d283-44ad-b361-3af8bc330107
	at sun.reflect.NativeConstructorAccessorImpl.newInstance0(Native Method)
	at sun.reflect.NativeConstructorAccessorImpl.newInstance(Unknown Source)
	at sun.reflect.DelegatingConstructorAccessorImpl.newInstance(Unknown Source)
	at java.lang.reflect.Constructor.newInstance(Unknown Source)
	at org.openqa.selenium.remote.ErrorHandler.createThrowable(ErrorHandler.java:206)
	at org.openqa.selenium.remote.ErrorHandler.throwIfResponseFailed(ErrorHandler.java:158)
	at org.openqa.selenium.remote.RemoteWebDriver.execute(RemoteWebDriver.java:678)
	at org.openqa.selenium.remote.RemoteWebDriver$RemoteWebDriverOptions$RemoteWindow.maximize(RemoteWebDriver.java:945)
	at com.owls.init.SeleniumInit.setUp(SeleniumInit.java:361)
	at sun.reflect.NativeMethodAccessorImpl.invoke0(Native Method)
	at sun.reflect.NativeMethodAccessorImpl.invoke(Unknown Source)
	at sun.reflect.DelegatingMethodAccessorImpl.invoke(Unknown Source)
	at java.lang.reflect.Method.invoke(Unknown Source)
	at org.testng.internal.MethodInvocationHelper.invokeMethod(MethodInvocationHelper.java:84)
	at org.testng.internal.Invoker.invokeConfigurationMethod(Invoker.java:564)
	at org.testng.internal.Invoker.invokeConfigurations(Invoker.java:213)
	at org.testng.internal.Invoker.invokeMethod(Invoker.java:653)
	at org.testng.internal.Invoker.invokeTestMethod(Invoker.java:901)
	at org.testng.internal.Invoker.invokeTestMethods(Invoker.java:1231)
	at org.testng.internal.TestMethodWorker.invokeTestMethods(TestMethodWorker.java:127)
	at org.testng.internal.TestMethodWorker.run(TestMethodWorker.java:111)
	at org.testng.TestRunner.privateRun(TestRunner.java:767)
	at org.testng.TestRunner.run(TestRunner.java:617)
	at org.testng.SuiteRunner.runTest(SuiteRunner.java:348)
	at org.testng.SuiteRunner.access$000(SuiteRunner.java:38)
	at org.testng.SuiteRunner$SuiteWorker.run(SuiteRunner.java:382)
	at org.testng.internal.thread.ThreadUtil$2.call(ThreadUtil.java:64)
	at java.util.concurrent.FutureTask.run(Unknown Source)
	at java.util.concurrent.ThreadPoolExecutor.runWorker(Unknown Source)
	at java.util.concurrent.ThreadPoolExecutor$Worker.run(Unknown Source)
	at java.lang.Thread.run(Unknown Source)
Caused by: org.openqa.selenium.WebDriverException: unknown error: failed to change window state to maximized, current state is normal
  (Session info: chrome=61.0.3163.100)
  (Driver info: chromedriver=2.33.506120 (e3e53437346286c0bc2d2dc9aa4915ba81d9023f),platform=Windows NT 6.1.7601 SP1 x86_64) (WARNING: The server did not provide any stacktrace information)
Command duration or timeout: 1.12 seconds
Build info: version: &apos;2.53.1&apos;, revision: &apos;a36b8b1&apos;, time: &apos;2016-06-30 17:37:03&apos;
System info: host: &apos;msetty-laptop-01&apos;, ip: &apos;192.168.1.94&apos;, os.name: &apos;Windows 7&apos;, os.arch: &apos;amd64&apos;, os.version: &apos;6.1&apos;, java.version: &apos;1.8.0_131&apos;
Driver info: org.openqa.selenium.chrome.ChromeDriver
Capabilities [{applicationCacheEnabled=false, rotatable=false, mobileEmulationEnabled=false, networkConnectionEnabled=false, chrome={chromedriverVersion=2.33.506120 (e3e53437346286c0bc2d2dc9aa4915ba81d9023f), userDataDir=C:\Users\Madhu\AppData\Local\Temp\scoped_dir6592_1133}, takesHeapSnapshot=true, pageLoadStrategy=normal, databaseEnabled=false, handlesAlerts=true, hasTouchScreen=false, version=61.0.3163.100, platform=XP, browserConnectionEnabled=false, nativeEvents=true, acceptSslCerts=true, locationContextEnabled=true, webStorageEnabled=true, browserName=chrome, takesScreenshot=true, javascriptEnabled=true, cssSelectorsEnabled=true, setWindowRect=true, unexpectedAlertBehaviour=}]
Session ID: 91e10610cb0c3b1d35886fb21188ea72
Build info: version: &apos;2.53.1&apos;, revision: &apos;a36b8b1cd5757287168e54b817830adce9b0158d&apos;, time: &apos;2016-06-30 19:26:09&apos;
System info: host: &apos;msetty-laptop-01&apos;, ip: &apos;192.168.1.94&apos;, os.name: &apos;Windows 7&apos;, os.arch: &apos;amd64&apos;, os.version: &apos;6.1&apos;, java.version: &apos;1.8.0_131&apos;
Driver info: driver.version: RemoteWebDriver
	at sun.reflect.NativeConstructorAccessorImpl.newInstance0(Native Method)
	at sun.reflect.NativeConstructorAccessorImpl.newInstance(Unknown Source)
	at sun.reflect.DelegatingConstructorAccessorImpl.newInstance(Unknown Source)
	at java.lang.reflect.Constructor.newInstance(Unknown Source)
	at org.openqa.selenium.remote.ErrorHandler.createThrowable(ErrorHandler.java:206)
	at org.openqa.selenium.remote.ErrorHandler.throwIfResponseFailed(ErrorHandler.java:158)
	at org.openqa.selenium.remote.RemoteWebDriver.execute(RemoteWebDriver.java:678)
	at org.openqa.selenium.remote.RemoteWebDriver$RemoteWebDriverOptions$RemoteWindow.maximize(RemoteWebDriver.java:945)
	at org.openqa.selenium.support.events.EventFiringWebDriver$EventFiringWindow.maximize(EventFiringWebDriver.java:644)
	at org.openqa.selenium.remote.server.handler.MaximizeWindow.call(MaximizeWindow.java:30)
	at org.openqa.selenium.remote.server.handler.MaximizeWindow.call(MaximizeWindow.java:1)
	at java.util.concurrent.FutureTask.run(Unknown Source)
	at org.openqa.selenium.remote.server.DefaultSession$1.run(DefaultSession.java:176)
	... 3 more
</div></td></tr></table><p class="totop"><a href="#summary">back to summary</a></p><h3 id="m3">com.owls.crm.index.CRMIndex#runCleanUp</h3><table class="result"><tr><th>Messages</th></tr><tr><td><div class="messages">&lt;br&gt; &lt;b&gt;Please look to the screenshot - &lt;/b&gt;<br/>&lt;/br&gt;&amp;nbsp;&amp;nbsp;&amp;nbsp;&amp;nbsp;&lt;br&gt;&lt;Strong&gt;&lt;font color=#FF0000&gt;--Failed&lt;/font&gt;&lt;/strong&gt;&lt;/br&gt;<br/>&lt;/br&gt;&amp;nbsp;&amp;nbsp;&amp;nbsp;&amp;nbsp;&lt;a href=&apos;../test-output/screenshots/1115145109500runCleanUp.png&apos; target=&apos;_new&apos;&gt;1115145109500runCleanUp.png&lt;/a&gt;&lt;/br&gt;</div></td></tr></table><p class="totop"><a href="#summary">back to summary</a></p></body></html>