<?xml version="1.0" encoding="UTF-8"?>
<testng-results skipped="2" failed="1" total="3" passed="0">
  <reporter-output>
    <line>
      <![CDATA[<strong> <h3 style="color:DarkViolet"> </h3> </strong>]]>
    </line>
    <line>
      <![CDATA[<br><strong>Step 1 : Open url:<a>https://owls-portal-qa.genixventures.com/user/login</a></strong></br>]]>
    </line>
    <line>
      <![CDATA[<br><strong>Step 2 Enter Username.</strong></br>]]>
    </line>
    <line>
      <![CDATA[</br>&nbsp;&nbsp;&nbsp;&nbsp; Portal UserName: chirag.kiwiqa</br>]]>
    </line>
    <line>
      <![CDATA[<br><strong>Step 3 Enter Password.</strong></br>]]>
    </line>
    <line>
      <![CDATA[</br>&nbsp;&nbsp;&nbsp;&nbsp; Password: chirag!</br>]]>
    </line>
    <line>
      <![CDATA[<br><strong>Step 4 Click on Login icon.</strong></br>]]>
    </line>
    <line>
      <![CDATA[<br><strong>Step 5 Click on Personal Menu.</strong></br>]]>
    </line>
    <line>
      <![CDATA[<br><strong>Step 6 Click on Details Menu.</strong></br>]]>
    </line>
    <line>
      <![CDATA[<br><strong>Step 7 Click on Contact Details Option.</strong></br>]]>
    </line>
    <line>
      <![CDATA[<br><strong>Step 8 Click on Application Menu.</strong></br>]]>
    </line>
    <line>
      <![CDATA[<br><strong>Step 9 Click on Create Application button.</strong></br>]]>
    </line>
    <line>
      <![CDATA[<br><strong>Step 10 Select Application type from Drop down.</strong></br>]]>
    </line>
    <line>
      <![CDATA[<br><strong>Step 11 Click on Next button</strong></br>]]>
    </line>
    <line>
      <![CDATA[<h3><b style='color:#E27A12'>&nbsp;&nbsp;&nbsp;Verify Operating Address retrived correctly from User's Contact Details->Primary Address.</h3></b>]]>
    </line>
    <line>
      <![CDATA[<strong> <h3 style="color:DarkGreen">  &#10004; <i>  SUCCESSFUL </i></h3> </strong> ]]>
    </line>
    <line>
      <![CDATA[<br><strong>12 Select 'Same as above' checkbox'.</strong></br>]]>
    </line>
    <line>
      <![CDATA[<h3><b style='color:#E27A12'>&nbsp;&nbsp;&nbsp;Verify Postal Address pasted correctly as same as Specified Premises.</h3></b>]]>
    </line>
    <line>
      <![CDATA[<strong> <h3 style="color:DarkGreen">  &#10004; <i>  SUCCESSFUL </i></h3> </strong> ]]>
    </line>
    <line>
      <![CDATA[<br><strong>Step 13 Choose Prefered Licence Expiry.</strong></br>]]>
    </line>
    <line>
      <![CDATA[</br>&nbsp;&nbsp;&nbsp;&nbsp;Click on 'No Conviction' Option</br>]]>
    </line>
    <line>
      <![CDATA[</br>&nbsp;&nbsp;&nbsp;&nbsp; Select 'No wildlife possession'..!</br>]]>
    </line>
    <line>
      <![CDATA[</br>&nbsp;&nbsp;&nbsp;&nbsp;Click on 'No Conviction' Option</br>]]>
    </line>
    <line>
      <![CDATA[<br><strong>Step 14 Choose I Agree from Declaration By Applicant Options.</strong></br>]]>
    </line>
    <line>
      <![CDATA[<br><strong>Step 15 Click on submit.</strong></br>]]>
    </line>
    <line>
      <![CDATA[<br><strong>Step 16 Navigate to My Application page.</strong></br>]]>
    </line>
    <line>
      <![CDATA[<h3><b style='color:#1466B8'>&nbsp;&nbsp;&nbsp;Verify Application created without any error condition in 'Payment Pending' status.</h3></b>]]>
    </line>
    <line>
      <![CDATA[<strong> <h3 style="color:DarkGreen">  &#10004; <i>  SUCCESSFUL </i></h3> </strong> ]]>
    </line>
    <line>
      <![CDATA[<h3><b style='color:#1466B8'>&nbsp;&nbsp;&nbsp;Verify that 'Payment Notice' and 'Pay Fee' Links are available for Payment Pending Application.</h3></b>]]>
    </line>
    <line>
      <![CDATA[<strong> <h3 style="color:DarkGreen">  &#10004; <i>  SUCCESSFUL </i></h3> </strong> ]]>
    </line>
    <line>
      <![CDATA[<br><strong>17 Click on Payment Notice link to download Payment Notice PDF.</strong></br>]]>
    </line>
    <line>
      <![CDATA[<h3><b style='color:#1466B8'>&nbsp;&nbsp;&nbsp;Verify that User's Postal address is available in Payment Notice PDF.</h3></b>]]>
    </line>
    <line>
      <![CDATA[<strong> <h3 style="color:DarkRed"> &#10008; <i> UNSUCCESSFUL </i></h3> </strong>]]>
    </line>
    <line>
      <![CDATA[</br>&nbsp;&nbsp;&nbsp;&nbsp;<hr size='15px' noshade color='red'></br>]]>
    </line>
    <line>
      <![CDATA[<br> <b>Please look to the screenshot - </b>]]>
    </line>
    <line>
      <![CDATA[</br>&nbsp;&nbsp;&nbsp;&nbsp;<br><Strong><font color=#FF0000>--Failed</font></strong></br>]]>
    </line>
    <line>
      <![CDATA[</br>&nbsp;&nbsp;&nbsp;&nbsp;<a href='../test-output/screenshots/1115144814191createApplicationWithoutError.png' target='_new'>1115144814191createApplicationWithoutError.png</a></br>]]>
    </line>
    <line>
      <![CDATA[<br></br><h3>Failure Reason:</h3>]]>
    </line>
    <line>
      <![CDATA[<br></br>java.lang.AssertionError: expected [true] but found [false]]]>
    </line>
    <line>
      <![CDATA[<strong> <h3 style="color:DarkViolet"> createApplicationWithoutError</h3> </strong>]]>
    </line>
    <line>
      <![CDATA[<br><strong>Step 1 : Open url:<a>https://owls-portal-qa.genixventures.com/user/login</a></strong></br>]]>
    </line>
    <line>
      <![CDATA[<br><strong>Step 2 Enter Username.</strong></br>]]>
    </line>
    <line>
      <![CDATA[</br>&nbsp;&nbsp;&nbsp;&nbsp; Portal UserName: chirag.kiwiqa</br>]]>
    </line>
    <line>
      <![CDATA[<br><strong>Step 3 Enter Password.</strong></br>]]>
    </line>
    <line>
      <![CDATA[</br>&nbsp;&nbsp;&nbsp;&nbsp; Password: chirag!</br>]]>
    </line>
    <line>
      <![CDATA[<br><strong>Step 4 Click on Login icon.</strong></br>]]>
    </line>
    <line>
      <![CDATA[<br><strong>Step 5 Click on Personal Menu.</strong></br>]]>
    </line>
    <line>
      <![CDATA[<br><strong>Step 6 Click on Details Menu.</strong></br>]]>
    </line>
    <line>
      <![CDATA[<br><strong>Step 7 Click on Contact Details Option.</strong></br>]]>
    </line>
    <line>
      <![CDATA[<br><strong>Step 8 Click on Application Menu.</strong></br>]]>
    </line>
    <line>
      <![CDATA[<br><strong>Step 9 Click on Create Application button.</strong></br>]]>
    </line>
    <line>
      <![CDATA[<br><strong>Step 10 Select Application type from Drop down.</strong></br>]]>
    </line>
    <line>
      <![CDATA[<br><strong>Step 11 Click on Next button</strong></br>]]>
    </line>
    <line>
      <![CDATA[<h3><b style='color:#E27A12'>&nbsp;&nbsp;&nbsp;Verify Operating Address retrived correctly from User's Contact Details->Primary Address.</h3></b>]]>
    </line>
    <line>
      <![CDATA[<br> <b>Please look to the screenshot - </b>]]>
    </line>
    <line>
      <![CDATA[</br>&nbsp;&nbsp;&nbsp;&nbsp;<br><Strong><font color=#FF0000>--Failed</font></strong></br>]]>
    </line>
    <line>
      <![CDATA[</br>&nbsp;&nbsp;&nbsp;&nbsp;<a href='../test-output/screenshots/1115145056381createApplicationWithoutError.png' target='_new'>1115145056381createApplicationWithoutError.png</a></br>]]>
    </line>
    <line>
      <![CDATA[<br></br><h3>Failure Reason:</h3>]]>
    </line>
    <line>
      <![CDATA[<br></br>org.openqa.selenium.NoSuchElementException: Timed out after 15 seconds. Unable to locate the element]]>
    </line>
    <line>
      <![CDATA[<br></br><h3>Failure Reason:</h3>]]>
    </line>
    <line>
      <![CDATA[<br></br>java.lang.AssertionError: expected [true] but found [false]]]>
    </line>
    <line>
      <![CDATA[<br> <b>Please look to the screenshot - </b>]]>
    </line>
    <line>
      <![CDATA[</br>&nbsp;&nbsp;&nbsp;&nbsp;<br><Strong><font color=#FF0000>--Failed</font></strong></br>]]>
    </line>
    <line>
      <![CDATA[</br>&nbsp;&nbsp;&nbsp;&nbsp;<a href='../test-output/screenshots/1115145102942completeAwaitingPaymentConfirmationTask.png' target='_new'>1115145102942completeAwaitingPaymentConfirmationTask.png</a></br>]]>
    </line>
    <line>
      <![CDATA[<br> <b>Please look to the screenshot - </b>]]>
    </line>
    <line>
      <![CDATA[</br>&nbsp;&nbsp;&nbsp;&nbsp;<br><Strong><font color=#FF0000>--Failed</font></strong></br>]]>
    </line>
    <line>
      <![CDATA[</br>&nbsp;&nbsp;&nbsp;&nbsp;<a href='../test-output/screenshots/1115145109500runCleanUp.png' target='_new'>1115145109500runCleanUp.png</a></br>]]>
    </line>
  </reporter-output>
  <suite name="BasicCreateApplication" duration-ms="366742" started-at="2017-11-15T03:45:04Z" finished-at="2017-11-15T03:51:10Z">
    <groups>
    </groups>
    <test name="TC_Portal_005: To verify Online user submits a basic application without conditions which triggers &#039;Await Payment Confirmation&#039; task." duration-ms="353908" started-at="2017-11-15T03:45:04Z" finished-at="2017-11-15T03:50:57Z">
      <class name="com.owls.CreateApp.index.CreateApplicationIndex">
        <test-method status="PASS" signature="fetchSuiteConfiguration(org.testng.ITestContext)[pri:0, instance:com.owls.CreateApp.index.CreateApplicationIndex@6eebc39e]" name="fetchSuiteConfiguration" is-config="true" duration-ms="11" started-at="2017-11-15T14:45:04Z" finished-at="2017-11-15T14:45:04Z">
          <params>
            <param index="0">
              <value>
                <![CDATA[org.testng.TestRunner@6b09bb57]]>
              </value>
            </param>
          </params>
          <reporter-output>
          </reporter-output>
        </test-method> <!-- fetchSuiteConfiguration -->
        <test-method status="PASS" signature="setUp(java.lang.reflect.Method, org.testng.ITestContext)[pri:0, instance:com.owls.CreateApp.index.CreateApplicationIndex@6eebc39e]" name="setUp" is-config="true" duration-ms="15186" started-at="2017-11-15T14:45:04Z" finished-at="2017-11-15T14:45:19Z">
          <params>
            <param index="0">
              <value>
                <![CDATA[public void com.owls.CreateApp.index.CreateApplicationIndex.createApplicationWithoutError()]]>
              </value>
            </param>
            <param index="1">
              <value>
                <![CDATA[org.testng.TestRunner@6b09bb57]]>
              </value>
            </param>
          </params>
          <reporter-output>
          </reporter-output>
        </test-method> <!-- setUp -->
        <test-method status="FAIL" signature="createApplicationWithoutError()[pri:0, instance:com.owls.CreateApp.index.CreateApplicationIndex@6eebc39e]" name="createApplicationWithoutError" duration-ms="174933" started-at="2017-11-15T14:45:19Z" finished-at="2017-11-15T14:48:14Z">
          <exception class="java.lang.AssertionError">
            <message>
              <![CDATA[expected [true] but found [false]]]>
            </message>
            <full-stacktrace>
              <![CDATA[java.lang.AssertionError: expected [true] but found [false]
	at org.testng.Assert.fail(Assert.java:94)
	at org.testng.Assert.failNotEquals(Assert.java:494)
	at org.testng.Assert.assertTrue(Assert.java:42)
	at org.testng.Assert.assertTrue(Assert.java:52)
	at com.owls.CreateApp.index.CreateApplicationIndex.createApplicationWithoutError(CreateApplicationIndex.java:826)
	at sun.reflect.NativeMethodAccessorImpl.invoke0(Native Method)
	at sun.reflect.NativeMethodAccessorImpl.invoke(Unknown Source)
	at sun.reflect.DelegatingMethodAccessorImpl.invoke(Unknown Source)
	at java.lang.reflect.Method.invoke(Unknown Source)
	at org.testng.internal.MethodInvocationHelper.invokeMethod(MethodInvocationHelper.java:84)
	at org.testng.internal.Invoker.invokeMethod(Invoker.java:714)
	at org.testng.internal.Invoker.invokeTestMethod(Invoker.java:901)
	at org.testng.internal.Invoker.invokeTestMethods(Invoker.java:1231)
	at org.testng.internal.TestMethodWorker.invokeTestMethods(TestMethodWorker.java:127)
	at org.testng.internal.TestMethodWorker.run(TestMethodWorker.java:111)
	at org.testng.TestRunner.privateRun(TestRunner.java:767)
	at org.testng.TestRunner.run(TestRunner.java:617)
	at org.testng.SuiteRunner.runTest(SuiteRunner.java:348)
	at org.testng.SuiteRunner.access$000(SuiteRunner.java:38)
	at org.testng.SuiteRunner$SuiteWorker.run(SuiteRunner.java:382)
	at org.testng.internal.thread.ThreadUtil$2.call(ThreadUtil.java:64)
	at java.util.concurrent.FutureTask.run(Unknown Source)
	at java.util.concurrent.ThreadPoolExecutor.runWorker(Unknown Source)
	at java.util.concurrent.ThreadPoolExecutor$Worker.run(Unknown Source)
	at java.lang.Thread.run(Unknown Source)
]]>
            </full-stacktrace>
          </exception> <!-- java.lang.AssertionError -->
          <reporter-output>
            <line>
              <![CDATA[<strong> <h3 style="color:DarkViolet"> </h3> </strong>]]>
            </line>
            <line>
              <![CDATA[<br><strong>Step 1 : Open url:<a>https://owls-portal-qa.genixventures.com/user/login</a></strong></br>]]>
            </line>
            <line>
              <![CDATA[<br><strong>Step 2 Enter Username.</strong></br>]]>
            </line>
            <line>
              <![CDATA[</br>&nbsp;&nbsp;&nbsp;&nbsp; Portal UserName: chirag.kiwiqa</br>]]>
            </line>
            <line>
              <![CDATA[<br><strong>Step 3 Enter Password.</strong></br>]]>
            </line>
            <line>
              <![CDATA[</br>&nbsp;&nbsp;&nbsp;&nbsp; Password: chirag!</br>]]>
            </line>
            <line>
              <![CDATA[<br><strong>Step 4 Click on Login icon.</strong></br>]]>
            </line>
            <line>
              <![CDATA[<br><strong>Step 5 Click on Personal Menu.</strong></br>]]>
            </line>
            <line>
              <![CDATA[<br><strong>Step 6 Click on Details Menu.</strong></br>]]>
            </line>
            <line>
              <![CDATA[<br><strong>Step 7 Click on Contact Details Option.</strong></br>]]>
            </line>
            <line>
              <![CDATA[<br><strong>Step 8 Click on Application Menu.</strong></br>]]>
            </line>
            <line>
              <![CDATA[<br><strong>Step 9 Click on Create Application button.</strong></br>]]>
            </line>
            <line>
              <![CDATA[<br><strong>Step 10 Select Application type from Drop down.</strong></br>]]>
            </line>
            <line>
              <![CDATA[<br><strong>Step 11 Click on Next button</strong></br>]]>
            </line>
            <line>
              <![CDATA[<h3><b style='color:#E27A12'>&nbsp;&nbsp;&nbsp;Verify Operating Address retrived correctly from User's Contact Details->Primary Address.</h3></b>]]>
            </line>
            <line>
              <![CDATA[<strong> <h3 style="color:DarkGreen">  &#10004; <i>  SUCCESSFUL </i></h3> </strong> ]]>
            </line>
            <line>
              <![CDATA[<br><strong>12 Select 'Same as above' checkbox'.</strong></br>]]>
            </line>
            <line>
              <![CDATA[<h3><b style='color:#E27A12'>&nbsp;&nbsp;&nbsp;Verify Postal Address pasted correctly as same as Specified Premises.</h3></b>]]>
            </line>
            <line>
              <![CDATA[<strong> <h3 style="color:DarkGreen">  &#10004; <i>  SUCCESSFUL </i></h3> </strong> ]]>
            </line>
            <line>
              <![CDATA[<br><strong>Step 13 Choose Prefered Licence Expiry.</strong></br>]]>
            </line>
            <line>
              <![CDATA[</br>&nbsp;&nbsp;&nbsp;&nbsp;Click on 'No Conviction' Option</br>]]>
            </line>
            <line>
              <![CDATA[</br>&nbsp;&nbsp;&nbsp;&nbsp; Select 'No wildlife possession'..!</br>]]>
            </line>
            <line>
              <![CDATA[</br>&nbsp;&nbsp;&nbsp;&nbsp;Click on 'No Conviction' Option</br>]]>
            </line>
            <line>
              <![CDATA[<br><strong>Step 14 Choose I Agree from Declaration By Applicant Options.</strong></br>]]>
            </line>
            <line>
              <![CDATA[<br><strong>Step 15 Click on submit.</strong></br>]]>
            </line>
            <line>
              <![CDATA[<br><strong>Step 16 Navigate to My Application page.</strong></br>]]>
            </line>
            <line>
              <![CDATA[<h3><b style='color:#1466B8'>&nbsp;&nbsp;&nbsp;Verify Application created without any error condition in 'Payment Pending' status.</h3></b>]]>
            </line>
            <line>
              <![CDATA[<strong> <h3 style="color:DarkGreen">  &#10004; <i>  SUCCESSFUL </i></h3> </strong> ]]>
            </line>
            <line>
              <![CDATA[<h3><b style='color:#1466B8'>&nbsp;&nbsp;&nbsp;Verify that 'Payment Notice' and 'Pay Fee' Links are available for Payment Pending Application.</h3></b>]]>
            </line>
            <line>
              <![CDATA[<strong> <h3 style="color:DarkGreen">  &#10004; <i>  SUCCESSFUL </i></h3> </strong> ]]>
            </line>
            <line>
              <![CDATA[<br><strong>17 Click on Payment Notice link to download Payment Notice PDF.</strong></br>]]>
            </line>
            <line>
              <![CDATA[<h3><b style='color:#1466B8'>&nbsp;&nbsp;&nbsp;Verify that User's Postal address is available in Payment Notice PDF.</h3></b>]]>
            </line>
            <line>
              <![CDATA[<strong> <h3 style="color:DarkRed"> &#10008; <i> UNSUCCESSFUL </i></h3> </strong>]]>
            </line>
            <line>
              <![CDATA[</br>&nbsp;&nbsp;&nbsp;&nbsp;<hr size='15px' noshade color='red'></br>]]>
            </line>
            <line>
              <![CDATA[<br> <b>Please look to the screenshot - </b>]]>
            </line>
            <line>
              <![CDATA[</br>&nbsp;&nbsp;&nbsp;&nbsp;<br><Strong><font color=#FF0000>--Failed</font></strong></br>]]>
            </line>
            <line>
              <![CDATA[</br>&nbsp;&nbsp;&nbsp;&nbsp;<a href='../test-output/screenshots/1115144814191createApplicationWithoutError.png' target='_new'>1115144814191createApplicationWithoutError.png</a></br>]]>
            </line>
            <line>
              <![CDATA[<br></br><h3>Failure Reason:</h3>]]>
            </line>
            <line>
              <![CDATA[<br></br>java.lang.AssertionError: expected [true] but found [false]]]>
            </line>
          </reporter-output>
        </test-method> <!-- createApplicationWithoutError -->
        <test-method status="PASS" signature="tearDown(org.testng.ITestResult)[pri:0, instance:com.owls.CreateApp.index.CreateApplicationIndex@6eebc39e]" name="tearDown" is-config="true" duration-ms="2379" started-at="2017-11-15T14:48:14Z" finished-at="2017-11-15T14:48:16Z">
          <params>
            <param index="0">
              <value>
                <![CDATA[[TestResult name=createApplicationWithoutError status=FAILURE method=CreateApplicationIndex.createApplicationWithoutError()[pri:0, instance:com.owls.CreateApp.index.CreateApplicationIndex@6eebc39e] output=<strong> <h3 style="color:DarkViolet"> </h3> </strong>]]]>
              </value>
            </param>
          </params>
          <reporter-output>
          </reporter-output>
        </test-method> <!-- tearDown -->
        <test-method status="PASS" signature="setUp(java.lang.reflect.Method, org.testng.ITestContext)[pri:0, instance:com.owls.CreateApp.index.CreateApplicationIndex@6eebc39e]" name="setUp" is-config="true" duration-ms="5817" started-at="2017-11-15T14:48:16Z" finished-at="2017-11-15T14:48:22Z">
          <params>
            <param index="0">
              <value>
                <![CDATA[public void com.owls.CreateApp.index.CreateApplicationIndex.createApplicationWithoutError()]]>
              </value>
            </param>
            <param index="1">
              <value>
                <![CDATA[org.testng.TestRunner@6b09bb57]]>
              </value>
            </param>
          </params>
          <reporter-output>
          </reporter-output>
        </test-method> <!-- setUp -->
        <test-method status="PASS" signature="tearDown(org.testng.ITestResult)[pri:0, instance:com.owls.CreateApp.index.CreateApplicationIndex@6eebc39e]" name="tearDown" is-config="true" duration-ms="1578" started-at="2017-11-15T14:50:56Z" finished-at="2017-11-15T14:50:57Z">
          <params>
            <param index="0">
              <value>
                <![CDATA[[TestResult name=createApplicationWithoutError status=FAILURE method=CreateApplicationIndex.createApplicationWithoutError()[pri:0, instance:com.owls.CreateApp.index.CreateApplicationIndex@6eebc39e] output=<strong> <h3 style="color:DarkViolet"> createApplicationWithoutError</h3> </strong>]]]>
              </value>
            </param>
          </params>
          <reporter-output>
          </reporter-output>
        </test-method> <!-- tearDown -->
      </class> <!-- com.owls.CreateApp.index.CreateApplicationIndex -->
    </test> <!-- TC_Portal_005: To verify Online user submits a basic application without conditions which triggers 'Await Payment Confirmation' task. -->
    <test name="TC_CRM_011: To verify OWLS internal user to complete &#039;Awaiting Payment Confirmation&#039; task and to verify the Permit document is available for the online portal user to download." duration-ms="6350" started-at="2017-11-15T03:50:58Z" finished-at="2017-11-15T03:51:04Z">
      <class name="com.owls.crm.index.CRMIndex">
        <test-method status="PASS" signature="setUp(java.lang.reflect.Method, org.testng.ITestContext)[pri:0, instance:com.owls.crm.index.CRMIndex@4566e5bd]" name="setUp" is-config="true" duration-ms="4913" started-at="2017-11-15T14:50:58Z" finished-at="2017-11-15T14:51:02Z">
          <params>
            <param index="0">
              <value>
                <![CDATA[public void com.owls.crm.index.CRMIndex.completeAwaitingPaymentConfirmationTask()]]>
              </value>
            </param>
            <param index="1">
              <value>
                <![CDATA[org.testng.TestRunner@18eed359]]>
              </value>
            </param>
          </params>
          <reporter-output>
          </reporter-output>
        </test-method> <!-- setUp -->
        <test-method status="PASS" signature="fetchSuiteConfiguration(org.testng.ITestContext)[pri:0, instance:com.owls.crm.index.CRMIndex@4566e5bd]" name="fetchSuiteConfiguration" is-config="true" duration-ms="0" started-at="2017-11-15T14:50:58Z" finished-at="2017-11-15T14:50:58Z">
          <params>
            <param index="0">
              <value>
                <![CDATA[org.testng.TestRunner@18eed359]]>
              </value>
            </param>
          </params>
          <reporter-output>
          </reporter-output>
        </test-method> <!-- fetchSuiteConfiguration -->
        <test-method status="SKIP" signature="completeAwaitingPaymentConfirmationTask()[pri:0, instance:com.owls.crm.index.CRMIndex@4566e5bd]" name="completeAwaitingPaymentConfirmationTask" duration-ms="1" started-at="2017-11-15T14:51:02Z" finished-at="2017-11-15T14:51:02Z">
          <exception class="org.testng.SkipException">
            <message>
              <![CDATA[Skipping Test case as 'Payment Notice' and 'Pay Fee' options are not available or Payment Notice has not yet been generated.]]>
            </message>
            <full-stacktrace>
              <![CDATA[org.testng.SkipException: Skipping Test case as 'Payment Notice' and 'Pay Fee' options are not available or Payment Notice has not yet been generated.
	at com.owls.crm.index.CRMIndex.completeAwaitingPaymentConfirmationTask(CRMIndex.java:446)
	at sun.reflect.NativeMethodAccessorImpl.invoke0(Native Method)
	at sun.reflect.NativeMethodAccessorImpl.invoke(Unknown Source)
	at sun.reflect.DelegatingMethodAccessorImpl.invoke(Unknown Source)
	at java.lang.reflect.Method.invoke(Unknown Source)
	at org.testng.internal.MethodInvocationHelper.invokeMethod(MethodInvocationHelper.java:84)
	at org.testng.internal.Invoker.invokeMethod(Invoker.java:714)
	at org.testng.internal.Invoker.invokeTestMethod(Invoker.java:901)
	at org.testng.internal.Invoker.invokeTestMethods(Invoker.java:1231)
	at org.testng.internal.TestMethodWorker.invokeTestMethods(TestMethodWorker.java:127)
	at org.testng.internal.TestMethodWorker.run(TestMethodWorker.java:111)
	at org.testng.TestRunner.privateRun(TestRunner.java:767)
	at org.testng.TestRunner.run(TestRunner.java:617)
	at org.testng.SuiteRunner.runTest(SuiteRunner.java:348)
	at org.testng.SuiteRunner.access$000(SuiteRunner.java:38)
	at org.testng.SuiteRunner$SuiteWorker.run(SuiteRunner.java:382)
	at org.testng.internal.thread.ThreadUtil$2.call(ThreadUtil.java:64)
	at java.util.concurrent.FutureTask.run(Unknown Source)
	at java.util.concurrent.ThreadPoolExecutor.runWorker(Unknown Source)
	at java.util.concurrent.ThreadPoolExecutor$Worker.run(Unknown Source)
	at java.lang.Thread.run(Unknown Source)
]]>
            </full-stacktrace>
          </exception> <!-- org.testng.SkipException -->
          <reporter-output>
            <line>
              <![CDATA[<br> <b>Please look to the screenshot - </b>]]>
            </line>
            <line>
              <![CDATA[</br>&nbsp;&nbsp;&nbsp;&nbsp;<br><Strong><font color=#FF0000>--Failed</font></strong></br>]]>
            </line>
            <line>
              <![CDATA[</br>&nbsp;&nbsp;&nbsp;&nbsp;<a href='../test-output/screenshots/1115145102942completeAwaitingPaymentConfirmationTask.png' target='_new'>1115145102942completeAwaitingPaymentConfirmationTask.png</a></br>]]>
            </line>
          </reporter-output>
        </test-method> <!-- completeAwaitingPaymentConfirmationTask -->
        <test-method status="PASS" signature="tearDown(org.testng.ITestResult)[pri:0, instance:com.owls.crm.index.CRMIndex@4566e5bd]" name="tearDown" is-config="true" duration-ms="1434" started-at="2017-11-15T14:51:02Z" finished-at="2017-11-15T14:51:04Z">
          <params>
            <param index="0">
              <value>
                <![CDATA[[TestResult name=completeAwaitingPaymentConfirmationTask status=SKIP method=CRMIndex.completeAwaitingPaymentConfirmationTask()[pri:0, instance:com.owls.crm.index.CRMIndex@4566e5bd] output=<br> <b>Please look to the screenshot - </b>]]]>
              </value>
            </param>
          </params>
          <reporter-output>
          </reporter-output>
        </test-method> <!-- tearDown -->
      </class> <!-- com.owls.crm.index.CRMIndex -->
    </test> <!-- TC_CRM_011: To verify OWLS internal user to complete 'Awaiting Payment Confirmation' task and to verify the Permit document is available for the online portal user to download. -->
    <test name="Test: Run Cleanup" duration-ms="6397" started-at="2017-11-15T03:51:04Z" finished-at="2017-11-15T03:51:10Z">
      <class name="com.owls.crm.index.CRMIndex">
        <test-method status="PASS" signature="fetchSuiteConfiguration(org.testng.ITestContext)[pri:0, instance:com.owls.crm.index.CRMIndex@3159c4b8]" name="fetchSuiteConfiguration" is-config="true" duration-ms="0" started-at="2017-11-15T14:51:04Z" finished-at="2017-11-15T14:51:04Z">
          <params>
            <param index="0">
              <value>
                <![CDATA[org.testng.TestRunner@46cfa318]]>
              </value>
            </param>
          </params>
          <reporter-output>
          </reporter-output>
        </test-method> <!-- fetchSuiteConfiguration -->
        <test-method status="FAIL" signature="setUp(java.lang.reflect.Method, org.testng.ITestContext)[pri:0, instance:com.owls.crm.index.CRMIndex@3159c4b8]" name="setUp" is-config="true" duration-ms="0" started-at="2017-11-15T14:51:04Z" finished-at="2017-11-15T14:51:04Z">
          <params>
            <param index="0">
              <value>
                <![CDATA[public void com.owls.crm.index.CRMIndex.runCleanUp()]]>
              </value>
            </param>
            <param index="1">
              <value>
                <![CDATA[org.testng.TestRunner@46cfa318]]>
              </value>
            </param>
          </params>
          <exception class="org.openqa.selenium.WebDriverException">
            <message>
              <![CDATA[unknown error: failed to change window state to maximized, current state is normal
  (Session info: chrome=61.0.3163.100)
  (Driver info: chromedriver=2.33.506120 (e3e53437346286c0bc2d2dc9aa4915ba81d9023f),platform=Windows NT 6.1.7601 SP1 x86_64) (WARNING: The server did not provide any stacktrace information)
Command duration or timeout: 1.12 seconds
Build info: version: '2.53.1', revision: 'a36b8b1', time: '2016-06-30 17:37:03'
System info: host: 'msetty-laptop-01', ip: '192.168.1.94', os.name: 'Windows 7', os.arch: 'amd64', os.version: '6.1', java.version: '1.8.0_131'
Driver info: org.openqa.selenium.chrome.ChromeDriver
Capabilities [{applicationCacheEnabled=false, rotatable=false, mobileEmulationEnabled=false, networkConnectionEnabled=false, chrome={chromedriverVersion=2.33.506120 (e3e53437346286c0bc2d2dc9aa4915ba81d9023f), userDataDir=C:\Users\Madhu\AppData\Local\Temp\scoped_dir6592_1133}, takesHeapSnapshot=true, pageLoadStrategy=normal, databaseEnabled=false, handlesAlerts=true, hasTouchScreen=false, version=61.0.3163.100, platform=XP, browserConnectionEnabled=false, nativeEvents=true, acceptSslCerts=true, locationContextEnabled=true, webStorageEnabled=true, browserName=chrome, takesScreenshot=true, javascriptEnabled=true, cssSelectorsEnabled=true, setWindowRect=true, unexpectedAlertBehaviour=}]
Session ID: 91e10610cb0c3b1d35886fb21188ea72
Command duration or timeout: 1.13 seconds
Build info: version: '2.53.1', revision: 'a36b8b1cd5757287168e54b817830adce9b0158d', time: '2016-06-30 19:26:09'
System info: host: 'msetty-laptop-01', ip: '192.168.1.94', os.name: 'Windows 7', os.arch: 'amd64', os.version: '6.1', java.version: '1.8.0_131'
Driver info: org.openqa.selenium.remote.RemoteWebDriver
Capabilities [{applicationCacheEnabled=false, rotatable=false, mobileEmulationEnabled=false, networkConnectionEnabled=false, chrome={chromedriverVersion=2.33.506120 (e3e53437346286c0bc2d2dc9aa4915ba81d9023f), userDataDir=C:\Users\Madhu\AppData\Local\Temp\scoped_dir6592_1133}, takesHeapSnapshot=true, pageLoadStrategy=normal, databaseEnabled=false, handlesAlerts=true, hasTouchScreen=false, version=61.0.3163.100, platform=XP, browserConnectionEnabled=false, nativeEvents=true, acceptSslCerts=true, webdriver.remote.sessionid=32211570-d283-44ad-b361-3af8bc330107, locationContextEnabled=true, webStorageEnabled=true, browserName=chrome, takesScreenshot=true, javascriptEnabled=true, cssSelectorsEnabled=true, setWindowRect=true, unexpectedAlertBehaviour=}]
Session ID: 32211570-d283-44ad-b361-3af8bc330107]]>
            </message>
            <full-stacktrace>
              <![CDATA[org.openqa.selenium.WebDriverException: unknown error: failed to change window state to maximized, current state is normal
  (Session info: chrome=61.0.3163.100)
  (Driver info: chromedriver=2.33.506120 (e3e53437346286c0bc2d2dc9aa4915ba81d9023f),platform=Windows NT 6.1.7601 SP1 x86_64) (WARNING: The server did not provide any stacktrace information)
Command duration or timeout: 1.12 seconds
Build info: version: '2.53.1', revision: 'a36b8b1', time: '2016-06-30 17:37:03'
System info: host: 'msetty-laptop-01', ip: '192.168.1.94', os.name: 'Windows 7', os.arch: 'amd64', os.version: '6.1', java.version: '1.8.0_131'
Driver info: org.openqa.selenium.chrome.ChromeDriver
Capabilities [{applicationCacheEnabled=false, rotatable=false, mobileEmulationEnabled=false, networkConnectionEnabled=false, chrome={chromedriverVersion=2.33.506120 (e3e53437346286c0bc2d2dc9aa4915ba81d9023f), userDataDir=C:\Users\Madhu\AppData\Local\Temp\scoped_dir6592_1133}, takesHeapSnapshot=true, pageLoadStrategy=normal, databaseEnabled=false, handlesAlerts=true, hasTouchScreen=false, version=61.0.3163.100, platform=XP, browserConnectionEnabled=false, nativeEvents=true, acceptSslCerts=true, locationContextEnabled=true, webStorageEnabled=true, browserName=chrome, takesScreenshot=true, javascriptEnabled=true, cssSelectorsEnabled=true, setWindowRect=true, unexpectedAlertBehaviour=}]
Session ID: 91e10610cb0c3b1d35886fb21188ea72
Command duration or timeout: 1.13 seconds
Build info: version: '2.53.1', revision: 'a36b8b1cd5757287168e54b817830adce9b0158d', time: '2016-06-30 19:26:09'
System info: host: 'msetty-laptop-01', ip: '192.168.1.94', os.name: 'Windows 7', os.arch: 'amd64', os.version: '6.1', java.version: '1.8.0_131'
Driver info: org.openqa.selenium.remote.RemoteWebDriver
Capabilities [{applicationCacheEnabled=false, rotatable=false, mobileEmulationEnabled=false, networkConnectionEnabled=false, chrome={chromedriverVersion=2.33.506120 (e3e53437346286c0bc2d2dc9aa4915ba81d9023f), userDataDir=C:\Users\Madhu\AppData\Local\Temp\scoped_dir6592_1133}, takesHeapSnapshot=true, pageLoadStrategy=normal, databaseEnabled=false, handlesAlerts=true, hasTouchScreen=false, version=61.0.3163.100, platform=XP, browserConnectionEnabled=false, nativeEvents=true, acceptSslCerts=true, webdriver.remote.sessionid=32211570-d283-44ad-b361-3af8bc330107, locationContextEnabled=true, webStorageEnabled=true, browserName=chrome, takesScreenshot=true, javascriptEnabled=true, cssSelectorsEnabled=true, setWindowRect=true, unexpectedAlertBehaviour=}]
Session ID: 32211570-d283-44ad-b361-3af8bc330107
	at sun.reflect.NativeConstructorAccessorImpl.newInstance0(Native Method)
	at sun.reflect.NativeConstructorAccessorImpl.newInstance(Unknown Source)
	at sun.reflect.DelegatingConstructorAccessorImpl.newInstance(Unknown Source)
	at java.lang.reflect.Constructor.newInstance(Unknown Source)
	at org.openqa.selenium.remote.ErrorHandler.createThrowable(ErrorHandler.java:206)
	at org.openqa.selenium.remote.ErrorHandler.throwIfResponseFailed(ErrorHandler.java:158)
	at org.openqa.selenium.remote.RemoteWebDriver.execute(RemoteWebDriver.java:678)
	at org.openqa.selenium.remote.RemoteWebDriver$RemoteWebDriverOptions$RemoteWindow.maximize(RemoteWebDriver.java:945)
	at com.owls.init.SeleniumInit.setUp(SeleniumInit.java:361)
	at sun.reflect.NativeMethodAccessorImpl.invoke0(Native Method)
	at sun.reflect.NativeMethodAccessorImpl.invoke(Unknown Source)
	at sun.reflect.DelegatingMethodAccessorImpl.invoke(Unknown Source)
	at java.lang.reflect.Method.invoke(Unknown Source)
	at org.testng.internal.MethodInvocationHelper.invokeMethod(MethodInvocationHelper.java:84)
	at org.testng.internal.Invoker.invokeConfigurationMethod(Invoker.java:564)
	at org.testng.internal.Invoker.invokeConfigurations(Invoker.java:213)
	at org.testng.internal.Invoker.invokeMethod(Invoker.java:653)
	at org.testng.internal.Invoker.invokeTestMethod(Invoker.java:901)
	at org.testng.internal.Invoker.invokeTestMethods(Invoker.java:1231)
	at org.testng.internal.TestMethodWorker.invokeTestMethods(TestMethodWorker.java:127)
	at org.testng.internal.TestMethodWorker.run(TestMethodWorker.java:111)
	at org.testng.TestRunner.privateRun(TestRunner.java:767)
	at org.testng.TestRunner.run(TestRunner.java:617)
	at org.testng.SuiteRunner.runTest(SuiteRunner.java:348)
	at org.testng.SuiteRunner.access$000(SuiteRunner.java:38)
	at org.testng.SuiteRunner$SuiteWorker.run(SuiteRunner.java:382)
	at org.testng.internal.thread.ThreadUtil$2.call(ThreadUtil.java:64)
	at java.util.concurrent.FutureTask.run(Unknown Source)
	at java.util.concurrent.ThreadPoolExecutor.runWorker(Unknown Source)
	at java.util.concurrent.ThreadPoolExecutor$Worker.run(Unknown Source)
	at java.lang.Thread.run(Unknown Source)
Caused by: org.openqa.selenium.WebDriverException: unknown error: failed to change window state to maximized, current state is normal
  (Session info: chrome=61.0.3163.100)
  (Driver info: chromedriver=2.33.506120 (e3e53437346286c0bc2d2dc9aa4915ba81d9023f),platform=Windows NT 6.1.7601 SP1 x86_64) (WARNING: The server did not provide any stacktrace information)
Command duration or timeout: 1.12 seconds
Build info: version: '2.53.1', revision: 'a36b8b1', time: '2016-06-30 17:37:03'
System info: host: 'msetty-laptop-01', ip: '192.168.1.94', os.name: 'Windows 7', os.arch: 'amd64', os.version: '6.1', java.version: '1.8.0_131'
Driver info: org.openqa.selenium.chrome.ChromeDriver
Capabilities [{applicationCacheEnabled=false, rotatable=false, mobileEmulationEnabled=false, networkConnectionEnabled=false, chrome={chromedriverVersion=2.33.506120 (e3e53437346286c0bc2d2dc9aa4915ba81d9023f), userDataDir=C:\Users\Madhu\AppData\Local\Temp\scoped_dir6592_1133}, takesHeapSnapshot=true, pageLoadStrategy=normal, databaseEnabled=false, handlesAlerts=true, hasTouchScreen=false, version=61.0.3163.100, platform=XP, browserConnectionEnabled=false, nativeEvents=true, acceptSslCerts=true, locationContextEnabled=true, webStorageEnabled=true, browserName=chrome, takesScreenshot=true, javascriptEnabled=true, cssSelectorsEnabled=true, setWindowRect=true, unexpectedAlertBehaviour=}]
Session ID: 91e10610cb0c3b1d35886fb21188ea72
Build info: version: '2.53.1', revision: 'a36b8b1cd5757287168e54b817830adce9b0158d', time: '2016-06-30 19:26:09'
System info: host: 'msetty-laptop-01', ip: '192.168.1.94', os.name: 'Windows 7', os.arch: 'amd64', os.version: '6.1', java.version: '1.8.0_131'
Driver info: driver.version: RemoteWebDriver
	at sun.reflect.NativeConstructorAccessorImpl.newInstance0(Native Method)
	at sun.reflect.NativeConstructorAccessorImpl.newInstance(Unknown Source)
	at sun.reflect.DelegatingConstructorAccessorImpl.newInstance(Unknown Source)
	at java.lang.reflect.Constructor.newInstance(Unknown Source)
	at org.openqa.selenium.remote.ErrorHandler.createThrowable(ErrorHandler.java:206)
	at org.openqa.selenium.remote.ErrorHandler.throwIfResponseFailed(ErrorHandler.java:158)
	at org.openqa.selenium.remote.RemoteWebDriver.execute(RemoteWebDriver.java:678)
	at org.openqa.selenium.remote.RemoteWebDriver$RemoteWebDriverOptions$RemoteWindow.maximize(RemoteWebDriver.java:945)
	at org.openqa.selenium.support.events.EventFiringWebDriver$EventFiringWindow.maximize(EventFiringWebDriver.java:644)
	at org.openqa.selenium.remote.server.handler.MaximizeWindow.call(MaximizeWindow.java:30)
	at org.openqa.selenium.remote.server.handler.MaximizeWindow.call(MaximizeWindow.java:1)
	at java.util.concurrent.FutureTask.run(Unknown Source)
	at org.openqa.selenium.remote.server.DefaultSession$1.run(DefaultSession.java:176)
	... 3 more
]]>
            </full-stacktrace>
          </exception> <!-- org.openqa.selenium.WebDriverException -->
          <reporter-output>
          </reporter-output>
        </test-method> <!-- setUp -->
        <test-method status="SKIP" signature="runCleanUp()[pri:0, instance:com.owls.crm.index.CRMIndex@3159c4b8]" name="runCleanUp" duration-ms="1" started-at="2017-11-15T14:51:09Z" finished-at="2017-11-15T14:51:09Z">
          <reporter-output>
            <line>
              <![CDATA[<br> <b>Please look to the screenshot - </b>]]>
            </line>
            <line>
              <![CDATA[</br>&nbsp;&nbsp;&nbsp;&nbsp;<br><Strong><font color=#FF0000>--Failed</font></strong></br>]]>
            </line>
            <line>
              <![CDATA[</br>&nbsp;&nbsp;&nbsp;&nbsp;<a href='../test-output/screenshots/1115145109500runCleanUp.png' target='_new'>1115145109500runCleanUp.png</a></br>]]>
            </line>
          </reporter-output>
        </test-method> <!-- runCleanUp -->
        <test-method status="PASS" signature="tearDown(org.testng.ITestResult)[pri:0, instance:com.owls.crm.index.CRMIndex@3159c4b8]" name="tearDown" is-config="true" duration-ms="1289" started-at="2017-11-15T14:51:09Z" finished-at="2017-11-15T14:51:10Z">
          <params>
            <param index="0">
              <value>
                <![CDATA[[TestResult name=runCleanUp status=SKIP method=CRMIndex.runCleanUp()[pri:0, instance:com.owls.crm.index.CRMIndex@3159c4b8] output=<br> <b>Please look to the screenshot - </b>]]]>
              </value>
            </param>
          </params>
          <reporter-output>
          </reporter-output>
        </test-method> <!-- tearDown -->
      </class> <!-- com.owls.crm.index.CRMIndex -->
    </test> <!-- Test: Run Cleanup -->
  </suite> <!-- BasicCreateApplication -->
</testng-results>
